<?xml version="1.0" encoding="UTF-8"?>
<!-- Generated by org.testng.reporters.JUnitReportReporter -->
<testsuite skipped="1" hostname="DESKTOP-016OGK5" name="Selenum.Demo32" tests="2" failures="0" timestamp="08 Sep 2022 12:01:49 GMT" time="0.014" errors="0">
  <testcase name="test2" time="0.014" classname="Selenum.Demo32"/>
  <testcase name="test1" classname="Selenum.Demo32">
    <skipped/>
  </testcase> <!-- test1 -->
</testsuite> <!-- Selenum.Demo32 -->
