<?xml version="1.0" encoding="UTF-8"?>
<!-- Generated by org.testng.reporters.JUnitReportReporter -->
<testsuite skipped="0" hostname="DESKTOP-016OGK5" name="Selenum.Demo34" tests="1" failures="0" timestamp="15 Sep 2022 11:37:20 GMT" time="0.012" errors="0">
  <testcase name="state" time="0.012" classname="Selenum.Demo34"/>
</testsuite> <!-- Selenum.Demo34 -->
