<?xml version="1.0" encoding="UTF-8"?>
<!-- Generated by org.testng.reporters.JUnitReportReporter -->
<testsuite skipped="0" hostname="DESKTOP-016OGK5" name="Selenum.Demo30" tests="2" failures="0" timestamp="13 Sep 2022 12:10:43 GMT" time="0.015" errors="0">
  <testcase name="test2" time="0.014" classname="Selenum.Demo30"/>
  <testcase name="test1" time="0.001" classname="Selenum.Demo30"/>
</testsuite> <!-- Selenum.Demo30 -->
