<?xml version="1.0" encoding="UTF-8"?>
<!-- Generated by org.testng.reporters.JUnitReportReporter -->
<testsuite skipped="0" hostname="DESKTOP-016OGK5" name="Selenum.Demo31" tests="4" failures="0" timestamp="08 Sep 2022 11:55:58 GMT" time="0.020" errors="0">
  <testcase name="test2" time="0.012" classname="Selenum.Demo31"/>
  <testcase name="test1" time="0.002" classname="Selenum.Demo31"/>
  <testcase name="test1" time="0.002" classname="Selenum.Demo31"/>
  <testcase name="test1" time="0.004" classname="Selenum.Demo31"/>
</testsuite> <!-- Selenum.Demo31 -->
