<?xml version="1.0" encoding="UTF-8"?>
<!-- Generated by org.testng.reporters.JUnitReportReporter -->
<testsuite skipped="0" hostname="DESKTOP-016OGK5" name="Selenum.Demo27" tests="1" failures="0" timestamp="06 Sep 2022 09:11:48 GMT" time="0.013" errors="0">
  <testcase name="test" time="0.013" classname="Selenum.Demo27"/>
</testsuite> <!-- Selenum.Demo27 -->
