<?xml version="1.0" encoding="UTF-8"?>
<!-- Generated by org.testng.reporters.JUnitReportReporter -->
<testsuite skipped="0" hostname="DESKTOP-016OGK5" name="jdbc.JdbcDemo" tests="1" failures="0" timestamp="18 Sep 2022 08:37:29 GMT" time="1.213" errors="0">
  <testcase name="script" time="1.213" classname="jdbc.JdbcDemo"/>
</testsuite> <!-- jdbc.JdbcDemo -->
